==350060== Helgrind, a thread error detector
==350060== Copyright (C) 2007-2017, and GNU GPL'd, by OpenWorks LLP et al.
==350060== Using Valgrind-3.18.1 and LibVEX; rerun with -h for copyright info
==350060== Command: ./philo_bonus 5 599 200 200 4
==350060== 
==350061== ---Thread-Announcement------------------------------------------
==350061== 
==350061== Thread #1 is the program's root thread
==350061== 
==350061== ---Thread-Announcement------------------------------------------
==350061== 
==350061== Thread #2 was created
==350061==    at 0x49A0BA3: clone (clone.S:76)
==350061==    by 0x49A1A9E: __clone_internal (clone-internal.c:83)
==350061==    by 0x490F758: create_thread (pthread_create.c:295)
==350061==    by 0x491027F: pthread_create@@GLIBC_2.34 (pthread_create.c:828)
==350061==    by 0x4853767: ??? (in /usr/libexec/valgrind/vgpreload_helgrind-amd64-linux.so)
==350061==    by 0x401D5A: p_routine (in /mnt/nfs/homes/ebouvier/work/philosophers/philo_bonus/philo_bonus)
==350061==    by 0x401579: init_philosophers (philosophers.c:54)
==350061==    by 0x401B7A: simulate (simulation.c:99)
==350061==    by 0x40139C: main (main.c:39)
==350061== 
==350061== ----------------------------------------------------------------
==350061== 
==350061== Possible data race during write of size 4 at 0x4AA6474 by thread #1
==350061== Locks held: none
==350061==    at 0x401EEF: p_eat (actions.c:22)
==350061==    by 0x401E09: p_routine (in /mnt/nfs/homes/ebouvier/work/philosophers/philo_bonus/philo_bonus)
==350061==    by 0x401579: init_philosophers (philosophers.c:54)
==350061==    by 0x401B7A: simulate (simulation.c:99)
==350061==    by 0x40139C: main (main.c:39)
==350061== 
==350061== This conflicts with a previous read of size 4 by thread #2
==350061== Locks held: none
==350061==    at 0x401BDA: has_eaten_enought (in /mnt/nfs/homes/ebouvier/work/philosophers/philo_bonus/philo_bonus)
==350061==    by 0x401CF7: p_check (in /mnt/nfs/homes/ebouvier/work/philosophers/philo_bonus/philo_bonus)
==350061==    by 0x485396A: ??? (in /usr/libexec/valgrind/vgpreload_helgrind-amd64-linux.so)
==350061==    by 0x490FB42: start_thread (pthread_create.c:442)
==350061==    by 0x49A0BB3: clone (clone.S:100)
==350061==  Address 0x4aa6474 is 36 bytes inside a block of size 360 alloc'd
==350061==    at 0x484A919: malloc (in /usr/libexec/valgrind/vgpreload_helgrind-amd64-linux.so)
==350061==    by 0x40143B: alloc_philosophers (philosophers.c:29)
==350061==    by 0x401B32: simulate (simulation.c:95)
==350061==    by 0x40139C: main (main.c:39)
==350061==  Block was alloc'd by thread #1
==350061== 
==350061== ----------------------------------------------------------------
==350061== 
==350061== Possible data race during write of size 8 at 0x4AA6468 by thread #1
==350061== Locks held: none
==350061==    at 0x401EFE: p_eat (actions.c:23)
==350061==    by 0x401E09: p_routine (in /mnt/nfs/homes/ebouvier/work/philosophers/philo_bonus/philo_bonus)
==350061==    by 0x401579: init_philosophers (philosophers.c:54)
==350061==    by 0x401B7A: simulate (simulation.c:99)
==350061==    by 0x40139C: main (main.c:39)
==350061== 
==350061== This conflicts with a previous read of size 8 by thread #2
==350061== Locks held: none
==350061==    at 0x401C60: p_check (in /mnt/nfs/homes/ebouvier/work/philosophers/philo_bonus/philo_bonus)
==350061==    by 0x485396A: ??? (in /usr/libexec/valgrind/vgpreload_helgrind-amd64-linux.so)
==350061==    by 0x490FB42: start_thread (pthread_create.c:442)
==350061==    by 0x49A0BB3: clone (clone.S:100)
==350061==  Address 0x4aa6468 is 24 bytes inside a block of size 360 alloc'd
==350061==    at 0x484A919: malloc (in /usr/libexec/valgrind/vgpreload_helgrind-amd64-linux.so)
==350061==    by 0x40143B: alloc_philosophers (philosophers.c:29)
==350061==    by 0x401B32: simulate (simulation.c:95)
==350061==    by 0x40139C: main (main.c:39)
==350061==  Block was alloc'd by thread #1
==350061== 
==350061== ----------------------------------------------------------------
==350061== 
==350061== Possible data race during read of size 8 at 0x4AA6468 by thread #2
==350061== Locks held: none
==350061==    at 0x401C60: p_check (in /mnt/nfs/homes/ebouvier/work/philosophers/philo_bonus/philo_bonus)
==350061==    by 0x485396A: ??? (in /usr/libexec/valgrind/vgpreload_helgrind-amd64-linux.so)
==350061==    by 0x490FB42: start_thread (pthread_create.c:442)
==350061==    by 0x49A0BB3: clone (clone.S:100)
==350061== 
==350061== This conflicts with a previous write of size 8 by thread #1
==350061== Locks held: none
==350061==    at 0x401EFE: p_eat (actions.c:23)
==350061==    by 0x401E09: p_routine (in /mnt/nfs/homes/ebouvier/work/philosophers/philo_bonus/philo_bonus)
==350061==    by 0x401579: init_philosophers (philosophers.c:54)
==350061==    by 0x401B7A: simulate (simulation.c:99)
==350061==    by 0x40139C: main (main.c:39)
==350061==  Address 0x4aa6468 is 24 bytes inside a block of size 360 alloc'd
==350061==    at 0x484A919: malloc (in /usr/libexec/valgrind/vgpreload_helgrind-amd64-linux.so)
==350061==    by 0x40143B: alloc_philosophers (philosophers.c:29)
==350061==    by 0x401B32: simulate (simulation.c:95)
==350061==    by 0x40139C: main (main.c:39)
==350061==  Block was alloc'd by thread #1
==350061== 
==350061== ----------------------------------------------------------------
==350061== 
==350061== Possible data race during read of size 4 at 0x4AA6474 by thread #2
==350061== Locks held: none
==350061==    at 0x401BDA: has_eaten_enought (in /mnt/nfs/homes/ebouvier/work/philosophers/philo_bonus/philo_bonus)
==350061==    by 0x401CF7: p_check (in /mnt/nfs/homes/ebouvier/work/philosophers/philo_bonus/philo_bonus)
==350061==    by 0x485396A: ??? (in /usr/libexec/valgrind/vgpreload_helgrind-amd64-linux.so)
==350061==    by 0x490FB42: start_thread (pthread_create.c:442)
==350061==    by 0x49A0BB3: clone (clone.S:100)
==350061== 
==350061== This conflicts with a previous write of size 4 by thread #1
==350061== Locks held: none
==350061==    at 0x401EEF: p_eat (actions.c:22)
==350061==    by 0x401E09: p_routine (in /mnt/nfs/homes/ebouvier/work/philosophers/philo_bonus/philo_bonus)
==350061==    by 0x401579: init_philosophers (philosophers.c:54)
==350061==    by 0x401B7A: simulate (simulation.c:99)
==350061==    by 0x40139C: main (main.c:39)
==350061==  Address 0x4aa6474 is 36 bytes inside a block of size 360 alloc'd
==350061==    at 0x484A919: malloc (in /usr/libexec/valgrind/vgpreload_helgrind-amd64-linux.so)
==350061==    by 0x40143B: alloc_philosophers (philosophers.c:29)
==350061==    by 0x401B32: simulate (simulation.c:95)
==350061==    by 0x40139C: main (main.c:39)
==350061==  Block was alloc'd by thread #1
==350061== 
==350063== ---Thread-Announcement------------------------------------------
==350063== 
==350063== Thread #1 is the program's root thread
==350063== 
==350063== ---Thread-Announcement------------------------------------------
==350063== 
==350063== Thread #2 was created
==350063==    at 0x49A0BA3: clone (clone.S:76)
==350063==    by 0x49A1A9E: __clone_internal (clone-internal.c:83)
==350063==    by 0x490F758: create_thread (pthread_create.c:295)
==350063==    by 0x491027F: pthread_create@@GLIBC_2.34 (pthread_create.c:828)
==350063==    by 0x4853767: ??? (in /usr/libexec/valgrind/vgpreload_helgrind-amd64-linux.so)
==350063==    by 0x401D5A: p_routine (in /mnt/nfs/homes/ebouvier/work/philosophers/philo_bonus/philo_bonus)
==350063==    by 0x401579: init_philosophers (philosophers.c:54)
==350063==    by 0x401B7A: simulate (simulation.c:99)
==350063==    by 0x40139C: main (main.c:39)
==350063== 
==350063== ----------------------------------------------------------------
==350063== 
==350063== Possible data race during write of size 4 at 0x4AA6504 by thread #1
==350063== Locks held: none
==350063==    at 0x401EEF: p_eat (actions.c:22)
==350063==    by 0x401E09: p_routine (in /mnt/nfs/homes/ebouvier/work/philosophers/philo_bonus/philo_bonus)
==350063==    by 0x401579: init_philosophers (philosophers.c:54)
==350063==    by 0x401B7A: simulate (simulation.c:99)
==350063==    by 0x40139C: main (main.c:39)
==350063== 
==350063== This conflicts with a previous read of size 4 by thread #2
==350063== Locks held: none
==350063==    at 0x401BDA: has_eaten_enought (in /mnt/nfs/homes/ebouvier/work/philosophers/philo_bonus/philo_bonus)
==350063==    by 0x401CF7: p_check (in /mnt/nfs/homes/ebouvier/work/philosophers/philo_bonus/philo_bonus)
==350063==    by 0x485396A: ??? (in /usr/libexec/valgrind/vgpreload_helgrind-amd64-linux.so)
==350063==    by 0x490FB42: start_thread (pthread_create.c:442)
==350063==    by 0x49A0BB3: clone (clone.S:100)
==350063==  Address 0x4aa6504 is 180 bytes inside a block of size 360 alloc'd
==350063==    at 0x484A919: malloc (in /usr/libexec/valgrind/vgpreload_helgrind-amd64-linux.so)
==350063==    by 0x40143B: alloc_philosophers (philosophers.c:29)
==350063==    by 0x401B32: simulate (simulation.c:95)
==350063==    by 0x40139C: main (main.c:39)
==350063==  Block was alloc'd by thread #1
==350063== 
==350063== ----------------------------------------------------------------
==350063== 
==350063== Possible data race during write of size 8 at 0x4AA64F8 by thread #1
==350063== Locks held: none
==350063==    at 0x401EFE: p_eat (actions.c:23)
==350063==    by 0x401E09: p_routine (in /mnt/nfs/homes/ebouvier/work/philosophers/philo_bonus/philo_bonus)
==350063==    by 0x401579: init_philosophers (philosophers.c:54)
==350063==    by 0x401B7A: simulate (simulation.c:99)
==350063==    by 0x40139C: main (main.c:39)
==350063== 
==350063== This conflicts with a previous read of size 8 by thread #2
==350063== Locks held: none
==350063==    at 0x401C60: p_check (in /mnt/nfs/homes/ebouvier/work/philosophers/philo_bonus/philo_bonus)
==350063==    by 0x485396A: ??? (in /usr/libexec/valgrind/vgpreload_helgrind-amd64-linux.so)
==350063==    by 0x490FB42: start_thread (pthread_create.c:442)
==350063==    by 0x49A0BB3: clone (clone.S:100)
==350063==  Address 0x4aa64f8 is 168 bytes inside a block of size 360 alloc'd
==350063==    at 0x484A919: malloc (in /usr/libexec/valgrind/vgpreload_helgrind-amd64-linux.so)
==350063==    by 0x40143B: alloc_philosophers (philosophers.c:29)
==350063==    by 0x401B32: simulate (simulation.c:95)
==350063==    by 0x40139C: main (main.c:39)
==350063==  Block was alloc'd by thread #1
==350063== 
==350063== ----------------------------------------------------------------
==350063== 
==350063== Possible data race during read of size 8 at 0x4AA64F8 by thread #2
==350063== Locks held: none
==350063==    at 0x401C60: p_check (in /mnt/nfs/homes/ebouvier/work/philosophers/philo_bonus/philo_bonus)
==350063==    by 0x485396A: ??? (in /usr/libexec/valgrind/vgpreload_helgrind-amd64-linux.so)
==350063==    by 0x490FB42: start_thread (pthread_create.c:442)
==350063==    by 0x49A0BB3: clone (clone.S:100)
==350063== 
==350063== This conflicts with a previous write of size 8 by thread #1
==350063== Locks held: none
==350063==    at 0x401EFE: p_eat (actions.c:23)
==350063==    by 0x401E09: p_routine (in /mnt/nfs/homes/ebouvier/work/philosophers/philo_bonus/philo_bonus)
==350063==    by 0x401579: init_philosophers (philosophers.c:54)
==350063==    by 0x401B7A: simulate (simulation.c:99)
==350063==    by 0x40139C: main (main.c:39)
==350063==  Address 0x4aa64f8 is 168 bytes inside a block of size 360 alloc'd
==350063==    at 0x484A919: malloc (in /usr/libexec/valgrind/vgpreload_helgrind-amd64-linux.so)
==350063==    by 0x40143B: alloc_philosophers (philosophers.c:29)
==350063==    by 0x401B32: simulate (simulation.c:95)
==350063==    by 0x40139C: main (main.c:39)
==350063==  Block was alloc'd by thread #1
==350063== 
==350063== ----------------------------------------------------------------
==350063== 
==350063== Possible data race during read of size 4 at 0x4AA6504 by thread #2
==350063== Locks held: none
==350063==    at 0x401BDA: has_eaten_enought (in /mnt/nfs/homes/ebouvier/work/philosophers/philo_bonus/philo_bonus)
==350063==    by 0x401CF7: p_check (in /mnt/nfs/homes/ebouvier/work/philosophers/philo_bonus/philo_bonus)
==350063==    by 0x485396A: ??? (in /usr/libexec/valgrind/vgpreload_helgrind-amd64-linux.so)
==350063==    by 0x490FB42: start_thread (pthread_create.c:442)
==350063==    by 0x49A0BB3: clone (clone.S:100)
==350063== 
==350063== This conflicts with a previous write of size 4 by thread #1
==350063== Locks held: none
==350063==    at 0x401EEF: p_eat (actions.c:22)
==350063==    by 0x401E09: p_routine (in /mnt/nfs/homes/ebouvier/work/philosophers/philo_bonus/philo_bonus)
==350063==    by 0x401579: init_philosophers (philosophers.c:54)
==350063==    by 0x401B7A: simulate (simulation.c:99)
==350063==    by 0x40139C: main (main.c:39)
==350063==  Address 0x4aa6504 is 180 bytes inside a block of size 360 alloc'd
==350063==    at 0x484A919: malloc (in /usr/libexec/valgrind/vgpreload_helgrind-amd64-linux.so)
==350063==    by 0x40143B: alloc_philosophers (philosophers.c:29)
==350063==    by 0x401B32: simulate (simulation.c:95)
==350063==    by 0x40139C: main (main.c:39)
==350063==  Block was alloc'd by thread #1
==350063== 
==350065== ---Thread-Announcement------------------------------------------
==350065== 
==350065== Thread #1 is the program's root thread
==350065== 
==350065== ---Thread-Announcement------------------------------------------
==350065== 
==350065== Thread #2 was created
==350065==    at 0x49A0BA3: clone (clone.S:76)
==350065==    by 0x49A1A9E: __clone_internal (clone-internal.c:83)
==350065==    by 0x490F758: create_thread (pthread_create.c:295)
==350065==    by 0x491027F: pthread_create@@GLIBC_2.34 (pthread_create.c:828)
==350065==    by 0x4853767: ??? (in /usr/libexec/valgrind/vgpreload_helgrind-amd64-linux.so)
==350065==    by 0x401D5A: p_routine (in /mnt/nfs/homes/ebouvier/work/philosophers/philo_bonus/philo_bonus)
==350065==    by 0x401579: init_philosophers (philosophers.c:54)
==350065==    by 0x401B7A: simulate (simulation.c:99)
==350065==    by 0x40139C: main (main.c:39)
==350065== 
==350065== ----------------------------------------------------------------
==350065== 
==350065== Possible data race during write of size 4 at 0x4AA6594 by thread #1
==350065== Locks held: none
==350065==    at 0x401EEF: p_eat (actions.c:22)
==350065==    by 0x401E09: p_routine (in /mnt/nfs/homes/ebouvier/work/philosophers/philo_bonus/philo_bonus)
==350065==    by 0x401579: init_philosophers (philosophers.c:54)
==350065==    by 0x401B7A: simulate (simulation.c:99)
==350065==    by 0x40139C: main (main.c:39)
==350065== 
==350065== This conflicts with a previous read of size 4 by thread #2
==350065== Locks held: none
==350065==    at 0x401BDA: has_eaten_enought (in /mnt/nfs/homes/ebouvier/work/philosophers/philo_bonus/philo_bonus)
==350065==    by 0x401CF7: p_check (in /mnt/nfs/homes/ebouvier/work/philosophers/philo_bonus/philo_bonus)
==350065==    by 0x485396A: ??? (in /usr/libexec/valgrind/vgpreload_helgrind-amd64-linux.so)
==350065==    by 0x490FB42: start_thread (pthread_create.c:442)
==350065==    by 0x49A0BB3: clone (clone.S:100)
==350065==  Address 0x4aa6594 is 324 bytes inside a block of size 360 alloc'd
==350065==    at 0x484A919: malloc (in /usr/libexec/valgrind/vgpreload_helgrind-amd64-linux.so)
==350065==    by 0x40143B: alloc_philosophers (philosophers.c:29)
==350065==    by 0x401B32: simulate (simulation.c:95)
==350065==    by 0x40139C: main (main.c:39)
==350065==  Block was alloc'd by thread #1
==350065== 
==350065== ----------------------------------------------------------------
==350065== 
==350065== Possible data race during write of size 8 at 0x4AA6588 by thread #1
==350065== Locks held: none
==350065==    at 0x401EFE: p_eat (actions.c:23)
==350065==    by 0x401E09: p_routine (in /mnt/nfs/homes/ebouvier/work/philosophers/philo_bonus/philo_bonus)
==350065==    by 0x401579: init_philosophers (philosophers.c:54)
==350065==    by 0x401B7A: simulate (simulation.c:99)
==350065==    by 0x40139C: main (main.c:39)
==350065== 
==350065== This conflicts with a previous read of size 8 by thread #2
==350065== Locks held: none
==350065==    at 0x401C60: p_check (in /mnt/nfs/homes/ebouvier/work/philosophers/philo_bonus/philo_bonus)
==350065==    by 0x485396A: ??? (in /usr/libexec/valgrind/vgpreload_helgrind-amd64-linux.so)
==350065==    by 0x490FB42: start_thread (pthread_create.c:442)
==350065==    by 0x49A0BB3: clone (clone.S:100)
==350065==  Address 0x4aa6588 is 312 bytes inside a block of size 360 alloc'd
==350065==    at 0x484A919: malloc (in /usr/libexec/valgrind/vgpreload_helgrind-amd64-linux.so)
==350065==    by 0x40143B: alloc_philosophers (philosophers.c:29)
==350065==    by 0x401B32: simulate (simulation.c:95)
==350065==    by 0x40139C: main (main.c:39)
==350065==  Block was alloc'd by thread #1
==350065== 
==350065== ----------------------------------------------------------------
==350065== 
==350065== Possible data race during read of size 8 at 0x4AA6588 by thread #2
==350065== Locks held: none
==350065==    at 0x401C60: p_check (in /mnt/nfs/homes/ebouvier/work/philosophers/philo_bonus/philo_bonus)
==350065==    by 0x485396A: ??? (in /usr/libexec/valgrind/vgpreload_helgrind-amd64-linux.so)
==350065==    by 0x490FB42: start_thread (pthread_create.c:442)
==350065==    by 0x49A0BB3: clone (clone.S:100)
==350065== 
==350065== This conflicts with a previous write of size 8 by thread #1
==350065== Locks held: none
==350065==    at 0x401EFE: p_eat (actions.c:23)
==350065==    by 0x401E09: p_routine (in /mnt/nfs/homes/ebouvier/work/philosophers/philo_bonus/philo_bonus)
==350065==    by 0x401579: init_philosophers (philosophers.c:54)
==350065==    by 0x401B7A: simulate (simulation.c:99)
==350065==    by 0x40139C: main (main.c:39)
==350065==  Address 0x4aa6588 is 312 bytes inside a block of size 360 alloc'd
==350065==    at 0x484A919: malloc (in /usr/libexec/valgrind/vgpreload_helgrind-amd64-linux.so)
==350065==    by 0x40143B: alloc_philosophers (philosophers.c:29)
==350065==    by 0x401B32: simulate (simulation.c:95)
==350065==    by 0x40139C: main (main.c:39)
==350065==  Block was alloc'd by thread #1
==350065== 
==350065== ----------------------------------------------------------------
==350065== 
==350065== Possible data race during read of size 4 at 0x4AA6594 by thread #2
==350065== Locks held: none
==350065==    at 0x401BDA: has_eaten_enought (in /mnt/nfs/homes/ebouvier/work/philosophers/philo_bonus/philo_bonus)
==350065==    by 0x401CF7: p_check (in /mnt/nfs/homes/ebouvier/work/philosophers/philo_bonus/philo_bonus)
==350065==    by 0x485396A: ??? (in /usr/libexec/valgrind/vgpreload_helgrind-amd64-linux.so)
==350065==    by 0x490FB42: start_thread (pthread_create.c:442)
==350065==    by 0x49A0BB3: clone (clone.S:100)
==350065== 
==350065== This conflicts with a previous write of size 4 by thread #1
==350065== Locks held: none
==350065==    at 0x401EEF: p_eat (actions.c:22)
==350065==    by 0x401E09: p_routine (in /mnt/nfs/homes/ebouvier/work/philosophers/philo_bonus/philo_bonus)
==350065==    by 0x401579: init_philosophers (philosophers.c:54)
==350065==    by 0x401B7A: simulate (simulation.c:99)
==350065==    by 0x40139C: main (main.c:39)
==350065==  Address 0x4aa6594 is 324 bytes inside a block of size 360 alloc'd
==350065==    at 0x484A919: malloc (in /usr/libexec/valgrind/vgpreload_helgrind-amd64-linux.so)
==350065==    by 0x40143B: alloc_philosophers (philosophers.c:29)
==350065==    by 0x401B32: simulate (simulation.c:95)
==350065==    by 0x40139C: main (main.c:39)
==350065==  Block was alloc'd by thread #1
==350065== 
==350062== ---Thread-Announcement------------------------------------------
==350062== 
==350062== Thread #1 is the program's root thread
==350062== 
==350062== ---Thread-Announcement------------------------------------------
==350062== 
==350062== Thread #2 was created
==350062==    at 0x49A0BA3: clone (clone.S:76)
==350062==    by 0x49A1A9E: __clone_internal (clone-internal.c:83)
==350062==    by 0x490F758: create_thread (pthread_create.c:295)
==350062==    by 0x491027F: pthread_create@@GLIBC_2.34 (pthread_create.c:828)
==350062==    by 0x4853767: ??? (in /usr/libexec/valgrind/vgpreload_helgrind-amd64-linux.so)
==350062==    by 0x401D5A: p_routine (in /mnt/nfs/homes/ebouvier/work/philosophers/philo_bonus/philo_bonus)
==350062==    by 0x401579: init_philosophers (philosophers.c:54)
==350062==    by 0x401B7A: simulate (simulation.c:99)
==350062==    by 0x40139C: main (main.c:39)
==350062== 
==350062== ----------------------------------------------------------------
==350062== 
==350062== Possible data race during write of size 4 at 0x4AA64BC by thread #1
==350062== Locks held: none
==350062==    at 0x401EEF: p_eat (actions.c:22)
==350062==    by 0x401E09: p_routine (in /mnt/nfs/homes/ebouvier/work/philosophers/philo_bonus/philo_bonus)
==350062==    by 0x401579: init_philosophers (philosophers.c:54)
==350062==    by 0x401B7A: simulate (simulation.c:99)
==350062==    by 0x40139C: main (main.c:39)
==350062== 
==350062== This conflicts with a previous read of size 4 by thread #2
==350062== Locks held: none
==350062==    at 0x401BDA: has_eaten_enought (in /mnt/nfs/homes/ebouvier/work/philosophers/philo_bonus/philo_bonus)
==350062==    by 0x401CF7: p_check (in /mnt/nfs/homes/ebouvier/work/philosophers/philo_bonus/philo_bonus)
==350062==    by 0x485396A: ??? (in /usr/libexec/valgrind/vgpreload_helgrind-amd64-linux.so)
==350062==    by 0x490FB42: start_thread (pthread_create.c:442)
==350062==    by 0x49A0BB3: clone (clone.S:100)
==350062==  Address 0x4aa64bc is 108 bytes inside a block of size 360 alloc'd
==350062==    at 0x484A919: malloc (in /usr/libexec/valgrind/vgpreload_helgrind-amd64-linux.so)
==350062==    by 0x40143B: alloc_philosophers (philosophers.c:29)
==350062==    by 0x401B32: simulate (simulation.c:95)
==350062==    by 0x40139C: main (main.c:39)
==350062==  Block was alloc'd by thread #1
==350062== 
==350062== ----------------------------------------------------------------
==350062== 
==350062== Possible data race during write of size 8 at 0x4AA64B0 by thread #1
==350062== Locks held: none
==350062==    at 0x401EFE: p_eat (actions.c:23)
==350062==    by 0x401E09: p_routine (in /mnt/nfs/homes/ebouvier/work/philosophers/philo_bonus/philo_bonus)
==350062==    by 0x401579: init_philosophers (philosophers.c:54)
==350062==    by 0x401B7A: simulate (simulation.c:99)
==350062==    by 0x40139C: main (main.c:39)
==350062== 
==350062== This conflicts with a previous read of size 8 by thread #2
==350062== Locks held: none
==350062==    at 0x401C60: p_check (in /mnt/nfs/homes/ebouvier/work/philosophers/philo_bonus/philo_bonus)
==350062==    by 0x485396A: ??? (in /usr/libexec/valgrind/vgpreload_helgrind-amd64-linux.so)
==350062==    by 0x490FB42: start_thread (pthread_create.c:442)
==350062==    by 0x49A0BB3: clone (clone.S:100)
==350062==  Address 0x4aa64b0 is 96 bytes inside a block of size 360 alloc'd
==350062==    at 0x484A919: malloc (in /usr/libexec/valgrind/vgpreload_helgrind-amd64-linux.so)
==350062==    by 0x40143B: alloc_philosophers (philosophers.c:29)
==350062==    by 0x401B32: simulate (simulation.c:95)
==350062==    by 0x40139C: main (main.c:39)
==350062==  Block was alloc'd by thread #1
==350062== 
==350062== ----------------------------------------------------------------
==350062== 
==350062== Possible data race during read of size 8 at 0x4AA64B0 by thread #2
==350062== Locks held: none
==350062==    at 0x401C60: p_check (in /mnt/nfs/homes/ebouvier/work/philosophers/philo_bonus/philo_bonus)
==350062==    by 0x485396A: ??? (in /usr/libexec/valgrind/vgpreload_helgrind-amd64-linux.so)
==350062==    by 0x490FB42: start_thread (pthread_create.c:442)
==350062==    by 0x49A0BB3: clone (clone.S:100)
==350062== 
==350062== This conflicts with a previous write of size 8 by thread #1
==350062== Locks held: none
==350062==    at 0x401EFE: p_eat (actions.c:23)
==350062==    by 0x401E09: p_routine (in /mnt/nfs/homes/ebouvier/work/philosophers/philo_bonus/philo_bonus)
==350062==    by 0x401579: init_philosophers (philosophers.c:54)
==350062==    by 0x401B7A: simulate (simulation.c:99)
==350062==    by 0x40139C: main (main.c:39)
==350062==  Address 0x4aa64b0 is 96 bytes inside a block of size 360 alloc'd
==350062==    at 0x484A919: malloc (in /usr/libexec/valgrind/vgpreload_helgrind-amd64-linux.so)
==350062==    by 0x40143B: alloc_philosophers (philosophers.c:29)
==350062==    by 0x401B32: simulate (simulation.c:95)
==350062==    by 0x40139C: main (main.c:39)
==350062==  Block was alloc'd by thread #1
==350062== 
==350062== ----------------------------------------------------------------
==350062== 
==350062== Possible data race during read of size 4 at 0x4AA64BC by thread #2
==350062== Locks held: none
==350062==    at 0x401BDA: has_eaten_enought (in /mnt/nfs/homes/ebouvier/work/philosophers/philo_bonus/philo_bonus)
==350062==    by 0x401CF7: p_check (in /mnt/nfs/homes/ebouvier/work/philosophers/philo_bonus/philo_bonus)
==350062==    by 0x485396A: ??? (in /usr/libexec/valgrind/vgpreload_helgrind-amd64-linux.so)
==350062==    by 0x490FB42: start_thread (pthread_create.c:442)
==350062==    by 0x49A0BB3: clone (clone.S:100)
==350062== 
==350062== This conflicts with a previous write of size 4 by thread #1
==350062== Locks held: none
==350062==    at 0x401EEF: p_eat (actions.c:22)
==350062==    by 0x401E09: p_routine (in /mnt/nfs/homes/ebouvier/work/philosophers/philo_bonus/philo_bonus)
==350062==    by 0x401579: init_philosophers (philosophers.c:54)
==350062==    by 0x401B7A: simulate (simulation.c:99)
==350062==    by 0x40139C: main (main.c:39)
==350062==  Address 0x4aa64bc is 108 bytes inside a block of size 360 alloc'd
==350062==    at 0x484A919: malloc (in /usr/libexec/valgrind/vgpreload_helgrind-amd64-linux.so)
==350062==    by 0x40143B: alloc_philosophers (philosophers.c:29)
==350062==    by 0x401B32: simulate (simulation.c:95)
==350062==    by 0x40139C: main (main.c:39)
==350062==  Block was alloc'd by thread #1
==350062== 
==350064== ---Thread-Announcement------------------------------------------
==350064== 
==350064== Thread #1 is the program's root thread
==350064== 
==350064== ---Thread-Announcement------------------------------------------
==350064== 
==350064== Thread #2 was created
==350064==    at 0x49A0BA3: clone (clone.S:76)
==350064==    by 0x49A1A9E: __clone_internal (clone-internal.c:83)
==350064==    by 0x490F758: create_thread (pthread_create.c:295)
==350064==    by 0x491027F: pthread_create@@GLIBC_2.34 (pthread_create.c:828)
==350064==    by 0x4853767: ??? (in /usr/libexec/valgrind/vgpreload_helgrind-amd64-linux.so)
==350064==    by 0x401D5A: p_routine (in /mnt/nfs/homes/ebouvier/work/philosophers/philo_bonus/philo_bonus)
==350064==    by 0x401579: init_philosophers (philosophers.c:54)
==350064==    by 0x401B7A: simulate (simulation.c:99)
==350064==    by 0x40139C: main (main.c:39)
==350064== 
==350064== ----------------------------------------------------------------
==350064== 
==350064== Possible data race during write of size 4 at 0x4AA654C by thread #1
==350064== Locks held: none
==350064==    at 0x401EEF: p_eat (actions.c:22)
==350064==    by 0x401E09: p_routine (in /mnt/nfs/homes/ebouvier/work/philosophers/philo_bonus/philo_bonus)
==350064==    by 0x401579: init_philosophers (philosophers.c:54)
==350064==    by 0x401B7A: simulate (simulation.c:99)
==350064==    by 0x40139C: main (main.c:39)
==350064== 
==350064== This conflicts with a previous read of size 4 by thread #2
==350064== Locks held: none
==350064==    at 0x401BDA: has_eaten_enought (in /mnt/nfs/homes/ebouvier/work/philosophers/philo_bonus/philo_bonus)
==350064==    by 0x401CF7: p_check (in /mnt/nfs/homes/ebouvier/work/philosophers/philo_bonus/philo_bonus)
==350064==    by 0x485396A: ??? (in /usr/libexec/valgrind/vgpreload_helgrind-amd64-linux.so)
==350064==    by 0x490FB42: start_thread (pthread_create.c:442)
==350064==    by 0x49A0BB3: clone (clone.S:100)
==350064==  Address 0x4aa654c is 252 bytes inside a block of size 360 alloc'd
==350064==    at 0x484A919: malloc (in /usr/libexec/valgrind/vgpreload_helgrind-amd64-linux.so)
==350064==    by 0x40143B: alloc_philosophers (philosophers.c:29)
==350064==    by 0x401B32: simulate (simulation.c:95)
==350064==    by 0x40139C: main (main.c:39)
==350064==  Block was alloc'd by thread #1
==350064== 
==350064== ----------------------------------------------------------------
==350064== 
==350064== Possible data race during write of size 8 at 0x4AA6540 by thread #1
==350064== Locks held: none
==350064==    at 0x401EFE: p_eat (actions.c:23)
==350064==    by 0x401E09: p_routine (in /mnt/nfs/homes/ebouvier/work/philosophers/philo_bonus/philo_bonus)
==350064==    by 0x401579: init_philosophers (philosophers.c:54)
==350064==    by 0x401B7A: simulate (simulation.c:99)
==350064==    by 0x40139C: main (main.c:39)
==350064== 
==350064== This conflicts with a previous read of size 8 by thread #2
==350064== Locks held: none
==350064==    at 0x401C60: p_check (in /mnt/nfs/homes/ebouvier/work/philosophers/philo_bonus/philo_bonus)
==350064==    by 0x485396A: ??? (in /usr/libexec/valgrind/vgpreload_helgrind-amd64-linux.so)
==350064==    by 0x490FB42: start_thread (pthread_create.c:442)
==350064==    by 0x49A0BB3: clone (clone.S:100)
==350064==  Address 0x4aa6540 is 240 bytes inside a block of size 360 alloc'd
==350064==    at 0x484A919: malloc (in /usr/libexec/valgrind/vgpreload_helgrind-amd64-linux.so)
==350064==    by 0x40143B: alloc_philosophers (philosophers.c:29)
==350064==    by 0x401B32: simulate (simulation.c:95)
==350064==    by 0x40139C: main (main.c:39)
==350064==  Block was alloc'd by thread #1
==350064== 
==350064== ----------------------------------------------------------------
==350064== 
==350064== Possible data race during read of size 8 at 0x4AA6540 by thread #2
==350064== Locks held: none
==350064==    at 0x401C60: p_check (in /mnt/nfs/homes/ebouvier/work/philosophers/philo_bonus/philo_bonus)
==350064==    by 0x485396A: ??? (in /usr/libexec/valgrind/vgpreload_helgrind-amd64-linux.so)
==350064==    by 0x490FB42: start_thread (pthread_create.c:442)
==350064==    by 0x49A0BB3: clone (clone.S:100)
==350064== 
==350064== This conflicts with a previous write of size 8 by thread #1
==350064== Locks held: none
==350064==    at 0x401EFE: p_eat (actions.c:23)
==350064==    by 0x401E09: p_routine (in /mnt/nfs/homes/ebouvier/work/philosophers/philo_bonus/philo_bonus)
==350064==    by 0x401579: init_philosophers (philosophers.c:54)
==350064==    by 0x401B7A: simulate (simulation.c:99)
==350064==    by 0x40139C: main (main.c:39)
==350064==  Address 0x4aa6540 is 240 bytes inside a block of size 360 alloc'd
==350064==    at 0x484A919: malloc (in /usr/libexec/valgrind/vgpreload_helgrind-amd64-linux.so)
==350064==    by 0x40143B: alloc_philosophers (philosophers.c:29)
==350064==    by 0x401B32: simulate (simulation.c:95)
==350064==    by 0x40139C: main (main.c:39)
==350064==  Block was alloc'd by thread #1
==350064== 
==350064== ----------------------------------------------------------------
==350064== 
==350064== Possible data race during read of size 4 at 0x4AA654C by thread #2
==350064== Locks held: none
==350064==    at 0x401BDA: has_eaten_enought (in /mnt/nfs/homes/ebouvier/work/philosophers/philo_bonus/philo_bonus)
==350064==    by 0x401CF7: p_check (in /mnt/nfs/homes/ebouvier/work/philosophers/philo_bonus/philo_bonus)
==350064==    by 0x485396A: ??? (in /usr/libexec/valgrind/vgpreload_helgrind-amd64-linux.so)
==350064==    by 0x490FB42: start_thread (pthread_create.c:442)
==350064==    by 0x49A0BB3: clone (clone.S:100)
==350064== 
==350064== This conflicts with a previous write of size 4 by thread #1
==350064== Locks held: none
==350064==    at 0x401EEF: p_eat (actions.c:22)
==350064==    by 0x401E09: p_routine (in /mnt/nfs/homes/ebouvier/work/philosophers/philo_bonus/philo_bonus)
==350064==    by 0x401579: init_philosophers (philosophers.c:54)
==350064==    by 0x401B7A: simulate (simulation.c:99)
==350064==    by 0x40139C: main (main.c:39)
==350064==  Address 0x4aa654c is 252 bytes inside a block of size 360 alloc'd
==350064==    at 0x484A919: malloc (in /usr/libexec/valgrind/vgpreload_helgrind-amd64-linux.so)
==350064==    by 0x40143B: alloc_philosophers (philosophers.c:29)
==350064==    by 0x401B32: simulate (simulation.c:95)
==350064==    by 0x40139C: main (main.c:39)
==350064==  Block was alloc'd by thread #1
==350064== 
20 3 has taken a fork
25 3 has taken a fork
25 3 is eating
239 3 is sleeping
440 3 is thinking
624 3 died
652 5 died
15 1 has taken a fork
19 1 has taken a fork
19 1 is eating
239 1 is sleeping
440 1 is thinking
618 1 died
652 5 died
==350074== 
==350074== Use --history-level=approx or =none to gain increased speed, at
==350074== the cost of reduced accuracy of conflicting-access information
==350074== For lists of detected and suppressed errors, rerun with: -s
==350074== ERROR SUMMARY: 12 errors from 4 contexts (suppressed: 0 from 0)
==350077== 
==350077== Use --history-level=approx or =none to gain increased speed, at
==350077== the cost of reduced accuracy of conflicting-access information
==350077== For lists of detected and suppressed errors, rerun with: -s
==350077== ERROR SUMMARY: 18 errors from 4 contexts (suppressed: 0 from 0)
15 1 has taken a fork
19 1 has taken a fork
19 1 is eating
239 1 is sleeping
440 1 is thinking
618 1 died
652 3 died
656 5 died
==350085== 
==350085== Use --history-level=approx or =none to gain increased speed, at
==350085== the cost of reduced accuracy of conflicting-access information
==350085== For lists of detected and suppressed errors, rerun with: -s
==350085== ERROR SUMMARY: 18 errors from 4 contexts (suppressed: 0 from 0)
20 3 has taken a fork
25 3 has taken a fork
25 3 is eating
239 3 is sleeping
440 3 is thinking
624 3 died
651 4 died
758 5 died
15 1 has taken a fork
19 1 has taken a fork
19 1 is eating
239 1 is sleeping
440 1 is thinking
618 1 died
652 4 died
758 5 died
15 1 has taken a fork
19 1 has taken a fork
19 1 is eating
239 1 is sleeping
440 1 is thinking
618 1 died
651 2 died
761 5 died
==350090== 
==350090== Use --history-level=approx or =none to gain increased speed, at
==350090== the cost of reduced accuracy of conflicting-access information
==350090== For lists of detected and suppressed errors, rerun with: -s
==350090== ERROR SUMMARY: 18 errors from 4 contexts (suppressed: 0 from 0)
==350089== 
==350089== Use --history-level=approx or =none to gain increased speed, at
==350089== the cost of reduced accuracy of conflicting-access information
==350089== For lists of detected and suppressed errors, rerun with: -s
==350089== ERROR SUMMARY: 12 errors from 4 contexts (suppressed: 0 from 0)
15 1 has taken a fork
19 1 has taken a fork
19 1 is eating
239 1 is sleeping
440 1 is thinking
618 1 died
651 2 died
757 3 died
767 5 died
==350092== 
==350092== Use --history-level=approx or =none to gain increased speed, at
==350092== the cost of reduced accuracy of conflicting-access information
==350092== For lists of detected and suppressed errors, rerun with: -s
==350092== ERROR SUMMARY: 18 errors from 4 contexts (suppressed: 0 from 0)
==350100== 
==350100== Use --history-level=approx or =none to gain increased speed, at
==350100== the cost of reduced accuracy of conflicting-access information
==350100== For lists of detected and suppressed errors, rerun with: -s
==350100== ERROR SUMMARY: 18 errors from 4 contexts (suppressed: 0 from 0)
15 1 has taken a fork
19 1 has taken a fork
19 1 is eating
239 1 is sleeping
440 1 is thinking
618 1 died
652 3 died
655 4 died
763 5 died
==350095== 
==350095== Use --history-level=approx or =none to gain increased speed, at
==350095== the cost of reduced accuracy of conflicting-access information
==350095== For lists of detected and suppressed errors, rerun with: -s
==350095== ERROR SUMMARY: 18 errors from 4 contexts (suppressed: 0 from 0)
15 1 has taken a fork
19 1 has taken a fork
19 1 is eating
239 1 is sleeping
440 1 is thinking
618 1 died
652 4 died
20 3 has taken a fork
25 3 has taken a fork
25 3 is eating
239 3 is sleeping
440 3 is thinking
624 3 died
651 4 died
==350076== 
==350076== Use --history-level=approx or =none to gain increased speed, at
==350076== the cost of reduced accuracy of conflicting-access information
==350076== For lists of detected and suppressed errors, rerun with: -s
==350076== ERROR SUMMARY: 18 errors from 4 contexts (suppressed: 0 from 0)
==350072== 
==350072== Use --history-level=approx or =none to gain increased speed, at
==350072== the cost of reduced accuracy of conflicting-access information
==350072== For lists of detected and suppressed errors, rerun with: -s
==350072== ERROR SUMMARY: 12 errors from 4 contexts (suppressed: 0 from 0)
15 1 has taken a fork
19 1 has taken a fork
19 1 is eating
239 1 is sleeping
440 1 is thinking
618 1 died
652 3 died
655 4 died
==350084== 
==350084== Use --history-level=approx or =none to gain increased speed, at
==350084== the cost of reduced accuracy of conflicting-access information
==350084== For lists of detected and suppressed errors, rerun with: -s
==350084== ERROR SUMMARY: 18 errors from 4 contexts (suppressed: 0 from 0)
20 3 has taken a fork
25 3 has taken a fork
25 3 is eating
239 3 is sleeping
440 3 is thinking
624 3 died
==350063== 
==350063== Use --history-level=approx or =none to gain increased speed, at
==350063== the cost of reduced accuracy of conflicting-access information
==350063== For lists of detected and suppressed errors, rerun with: -s
==350063== ERROR SUMMARY: 12 errors from 4 contexts (suppressed: 0 from 0)
15 1 has taken a fork
19 1 has taken a fork
19 1 is eating
239 1 is sleeping
440 1 is thinking
618 1 died
652 3 died
==350075== 
==350075== Use --history-level=approx or =none to gain increased speed, at
==350075== the cost of reduced accuracy of conflicting-access information
==350075== For lists of detected and suppressed errors, rerun with: -s
==350075== ERROR SUMMARY: 18 errors from 4 contexts (suppressed: 0 from 0)
25 5 has taken a fork
221 5 has taken a fork
222 5 is eating
425 5 is sleeping
626 5 is thinking
822 5 died
==350065== 
==350065== Use --history-level=approx or =none to gain increased speed, at
==350065== the cost of reduced accuracy of conflicting-access information
==350065== For lists of detected and suppressed errors, rerun with: -s
==350065== ERROR SUMMARY: 10 errors from 4 contexts (suppressed: 0 from 0)
223 2 has taken a fork
248 2 has taken a fork
248 2 is eating
450 2 is sleeping
650 2 is thinking
848 2 died
861 5 died
==350106== 
==350106== Use --history-level=approx or =none to gain increased speed, at
==350106== the cost of reduced accuracy of conflicting-access information
==350106== For lists of detected and suppressed errors, rerun with: -s
==350106== ERROR SUMMARY: 8 errors from 4 contexts (suppressed: 0 from 0)
223 2 has taken a fork
248 2 has taken a fork
248 2 is eating
450 2 is sleeping
650 2 is thinking
848 2 died
859 3 died
863 5 died
15 1 has taken a fork
19 1 has taken a fork
19 1 is eating
239 1 is sleeping
440 1 is thinking
618 1 died
651 2 died
760 4 died
863 5 died
==350111== 
==350111== Use --history-level=approx or =none to gain increased speed, at
==350111== the cost of reduced accuracy of conflicting-access information
==350111== For lists of detected and suppressed errors, rerun with: -s
==350111== ERROR SUMMARY: 8 errors from 4 contexts (suppressed: 0 from 0)
==350112== 
==350112== Use --history-level=approx or =none to gain increased speed, at
==350112== the cost of reduced accuracy of conflicting-access information
==350112== For lists of detected and suppressed errors, rerun with: -s
==350112== ERROR SUMMARY: 18 errors from 4 contexts (suppressed: 0 from 0)
15 1 has taken a fork
19 1 has taken a fork
19 1 is eating
239 1 is sleeping
440 1 is thinking
618 1 died
651 2 died
757 3 died
765 4 died
868 5 died
==350116== 
==350116== Use --history-level=approx or =none to gain increased speed, at
==350116== the cost of reduced accuracy of conflicting-access information
==350116== For lists of detected and suppressed errors, rerun with: -s
==350116== ERROR SUMMARY: 18 errors from 4 contexts (suppressed: 0 from 0)
15 1 has taken a fork
19 1 has taken a fork
19 1 is eating
239 1 is sleeping
440 1 is thinking
618 1 died
651 2 died
760 4 died
==350091== 
==350091== Use --history-level=approx or =none to gain increased speed, at
==350091== the cost of reduced accuracy of conflicting-access information
==350091== For lists of detected and suppressed errors, rerun with: -s
==350091== ERROR SUMMARY: 18 errors from 4 contexts (suppressed: 0 from 0)
15 1 has taken a fork
19 1 has taken a fork
19 1 is eating
239 1 is sleeping
440 1 is thinking
618 1 died
651 2 died
757 3 died
765 4 died
==350098== 
==350098== Use --history-level=approx or =none to gain increased speed, at
==350098== the cost of reduced accuracy of conflicting-access information
==350098== For lists of detected and suppressed errors, rerun with: -s
==350098== ERROR SUMMARY: 18 errors from 4 contexts (suppressed: 0 from 0)
15 1 has taken a fork
19 1 has taken a fork
19 1 is eating
239 1 is sleeping
440 1 is thinking
618 1 died
651 2 died
757 3 died
==350088== 
==350088== Use --history-level=approx or =none to gain increased speed, at
==350088== the cost of reduced accuracy of conflicting-access information
==350088== For lists of detected and suppressed errors, rerun with: -s
==350088== ERROR SUMMARY: 18 errors from 4 contexts (suppressed: 0 from 0)
15 1 has taken a fork
19 1 has taken a fork
19 1 is eating
239 1 is sleeping
440 1 is thinking
618 1 died
651 2 died
==350073== 
==350073== Use --history-level=approx or =none to gain increased speed, at
==350073== the cost of reduced accuracy of conflicting-access information
==350073== For lists of detected and suppressed errors, rerun with: -s
==350073== ERROR SUMMARY: 18 errors from 4 contexts (suppressed: 0 from 0)
15 1 has taken a fork
19 1 has taken a fork
19 1 is eating
239 1 is sleeping
440 1 is thinking
618 1 died
==350061== 
==350061== Use --history-level=approx or =none to gain increased speed, at
==350061== the cost of reduced accuracy of conflicting-access information
==350061== For lists of detected and suppressed errors, rerun with: -s
==350061== ERROR SUMMARY: 18 errors from 4 contexts (suppressed: 0 from 0)
223 2 has taken a fork
248 2 has taken a fork
248 2 is eating
450 2 is sleeping
650 2 is thinking
848 2 died
860 4 died
966 5 died
223 2 has taken a fork
248 2 has taken a fork
248 2 is eating
450 2 is sleeping
650 2 is thinking
848 2 died
859 3 died
862 4 died
968 5 died
==350118== 
==350118== Use --history-level=approx or =none to gain increased speed, at
==350118== the cost of reduced accuracy of conflicting-access information
==350118== For lists of detected and suppressed errors, rerun with: -s
==350118== ERROR SUMMARY: 8 errors from 4 contexts (suppressed: 0 from 0)
==350119== 
==350119== Use --history-level=approx or =none to gain increased speed, at
==350119== the cost of reduced accuracy of conflicting-access information
==350119== For lists of detected and suppressed errors, rerun with: -s
==350119== ERROR SUMMARY: 8 errors from 4 contexts (suppressed: 0 from 0)
223 2 has taken a fork
248 2 has taken a fork
248 2 is eating
450 2 is sleeping
650 2 is thinking
848 2 died
860 4 died
223 2 has taken a fork
248 2 has taken a fork
248 2 is eating
450 2 is sleeping
650 2 is thinking
848 2 died
859 3 died
862 4 died
==350105== 
==350105== Use --history-level=approx or =none to gain increased speed, at
==350105== the cost of reduced accuracy of conflicting-access information
==350105== For lists of detected and suppressed errors, rerun with: -s
==350105== ERROR SUMMARY: 8 errors from 4 contexts (suppressed: 0 from 0)
==350108== 
==350108== Use --history-level=approx or =none to gain increased speed, at
==350108== the cost of reduced accuracy of conflicting-access information
==350108== For lists of detected and suppressed errors, rerun with: -s
==350108== ERROR SUMMARY: 8 errors from 4 contexts (suppressed: 0 from 0)
223 2 has taken a fork
248 2 has taken a fork
248 2 is eating
450 2 is sleeping
650 2 is thinking
848 2 died
859 3 died
==350104== 
==350104== Use --history-level=approx or =none to gain increased speed, at
==350104== the cost of reduced accuracy of conflicting-access information
==350104== For lists of detected and suppressed errors, rerun with: -s
==350104== ERROR SUMMARY: 8 errors from 4 contexts (suppressed: 0 from 0)
223 2 has taken a fork
248 2 has taken a fork
248 2 is eating
450 2 is sleeping
650 2 is thinking
848 2 died
==350062== 
==350062== Use --history-level=approx or =none to gain increased speed, at
==350062== the cost of reduced accuracy of conflicting-access information
==350062== For lists of detected and suppressed errors, rerun with: -s
==350062== ERROR SUMMARY: 8 errors from 4 contexts (suppressed: 0 from 0)
240 4 has taken a fork
425 4 has taken a fork
425 4 is eating
626 4 is sleeping
827 4 is thinking
1024 4 died
1035 5 died
==350122== 
==350122== Use --history-level=approx or =none to gain increased speed, at
==350122== the cost of reduced accuracy of conflicting-access information
==350122== For lists of detected and suppressed errors, rerun with: -s
==350122== ERROR SUMMARY: 8 errors from 4 contexts (suppressed: 0 from 0)
240 4 has taken a fork
425 4 has taken a fork
425 4 is eating
626 4 is sleeping
827 4 is thinking
1024 4 died
==350064== 
==350064== Use --history-level=approx or =none to gain increased speed, at
==350064== the cost of reduced accuracy of conflicting-access information
==350064== For lists of detected and suppressed errors, rerun with: -s
==350064== ERROR SUMMARY: 8 errors from 4 contexts (suppressed: 0 from 0)
==350060== 
==350060== Use --history-level=approx or =none to gain increased speed, at
==350060== the cost of reduced accuracy of conflicting-access information
==350060== For lists of detected and suppressed errors, rerun with: -s
==350060== ERROR SUMMARY: 0 errors from 0 contexts (suppressed: 0 from 0)
